<?xml version="1.0" encoding="UTF-8"?>
<testsuite xmlns:xsi="http://www.w3.org/2001/XMLSchema-instance" xsi:noNamespaceSchemaLocation="https://maven.apache.org/surefire/maven-surefire-plugin/xsd/surefire-test-report.xsd" name="KeithCaram.GuitarTest" time="0.012" tests="3" errors="0" skipped="0" failures="0">
  <properties>
    <property name="sun.desktop" value="windows"/>
    <property name="awt.toolkit" value="sun.awt.windows.WToolkit"/>
    <property name="file.encoding.pkg" value="sun.io"/>
    <property name="java.specification.version" value="1.8"/>
    <property name="sun.cpu.isalist" value="pentium_pro+mmx pentium_pro pentium+mmx pentium i486 i386 i86"/>
    <property name="sun.jnu.encoding" value="Cp1252"/>
    <property name="java.class.path" value="C:\Users\keith.caram\IdeaProjects\adv-java_assignment2\target\test-classes;C:\Users\keith.caram\IdeaProjects\adv-java_assignment2\target\classes;C:\Users\keith.caram\.m2\repository\org\junit\vintage\junit-vintage-engine\5.8.0-RC1\junit-vintage-engine-5.8.0-RC1.jar;C:\Users\keith.caram\.m2\repository\org\junit\platform\junit-platform-engine\1.8.0-RC1\junit-platform-engine-1.8.0-RC1.jar;C:\Users\keith.caram\.m2\repository\org\opentest4j\opentest4j\1.2.0\opentest4j-1.2.0.jar;C:\Users\keith.caram\.m2\repository\org\junit\platform\junit-platform-commons\1.8.0-RC1\junit-platform-commons-1.8.0-RC1.jar;C:\Users\keith.caram\.m2\repository\junit\junit\4.13.2\junit-4.13.2.jar;C:\Users\keith.caram\.m2\repository\org\hamcrest\hamcrest-core\1.3\hamcrest-core-1.3.jar;C:\Users\keith.caram\.m2\repository\org\apiguardian\apiguardian-api\1.1.2\apiguardian-api-1.1.2.jar;C:\Users\keith.caram\.m2\repository\com\github\stefanbirkner\system-rules\1.19.0\system-rules-1.19.0.jar;C:\Users\keith.caram\.m2\repository\org\jetbrains\annotations\23.0.0\annotations-23.0.0.jar;"/>
    <property name="java.vm.vendor" value="Oracle Corporation"/>
    <property name="sun.arch.data.model" value="32"/>
    <property name="user.variant" value=""/>
    <property name="java.vendor.url" value="http://java.oracle.com/"/>
    <property name="user.timezone" value="America/New_York"/>
    <property name="java.vm.specification.version" value="1.8"/>
    <property name="os.name" value="Windows 10"/>
    <property name="user.country" value="US"/>
    <property name="sun.java.launcher" value="SUN_STANDARD"/>
    <property name="sun.boot.library.path" value="C:\Program Files (x86)\Java\jdk1.8.0_341\jre\bin"/>
    <property name="sun.java.command" value="C:\Users\KEITH~1.CAR\AppData\Local\Temp\surefire5372678969492587581\surefirebooter3566608062802322202.jar C:\Users\keith.caram\AppData\Local\Temp\surefire5372678969492587581 2022-09-11T23-28-16_146-jvmRun1 surefire6348682613834570874tmp surefire_08683020027316227566tmp"/>
    <property name="surefire.test.class.path" value="C:\Users\keith.caram\IdeaProjects\adv-java_assignment2\target\test-classes;C:\Users\keith.caram\IdeaProjects\adv-java_assignment2\target\classes;C:\Users\keith.caram\.m2\repository\org\junit\vintage\junit-vintage-engine\5.8.0-RC1\junit-vintage-engine-5.8.0-RC1.jar;C:\Users\keith.caram\.m2\repository\org\junit\platform\junit-platform-engine\1.8.0-RC1\junit-platform-engine-1.8.0-RC1.jar;C:\Users\keith.caram\.m2\repository\org\opentest4j\opentest4j\1.2.0\opentest4j-1.2.0.jar;C:\Users\keith.caram\.m2\repository\org\junit\platform\junit-platform-commons\1.8.0-RC1\junit-platform-commons-1.8.0-RC1.jar;C:\Users\keith.caram\.m2\repository\junit\junit\4.13.2\junit-4.13.2.jar;C:\Users\keith.caram\.m2\repository\org\hamcrest\hamcrest-core\1.3\hamcrest-core-1.3.jar;C:\Users\keith.caram\.m2\repository\org\apiguardian\apiguardian-api\1.1.2\apiguardian-api-1.1.2.jar;C:\Users\keith.caram\.m2\repository\com\github\stefanbirkner\system-rules\1.19.0\system-rules-1.19.0.jar;C:\Users\keith.caram\.m2\repository\org\jetbrains\annotations\23.0.0\annotations-23.0.0.jar;"/>
    <property name="sun.cpu.endian" value="little"/>
    <property name="user.home" value="C:\Users\keith.caram"/>
    <property name="user.language" value="en"/>
    <property name="java.specification.vendor" value="Oracle Corporation"/>
    <property name="java.home" value="C:\Program Files (x86)\Java\jdk1.8.0_341\jre"/>
    <property name="basedir" value="C:\Users\keith.caram\IdeaProjects\adv-java_assignment2"/>
    <property name="file.separator" value="\"/>
    <property name="line.separator" value="&#10;"/>
    <property name="java.vm.specification.vendor" value="Oracle Corporation"/>
    <property name="java.specification.name" value="Java Platform API Specification"/>
    <property name="java.awt.graphicsenv" value="sun.awt.Win32GraphicsEnvironment"/>
    <property name="surefire.real.class.path" value="C:\Users\KEITH~1.CAR\AppData\Local\Temp\surefire5372678969492587581\surefirebooter3566608062802322202.jar;C:\\Users\\keith.caram\\.m2\\repository\\org\\jacoco\\org.jacoco.agent\\0.8.3\\org.jacoco.agent-0.8.3-runtime.jar"/>
    <property name="sun.boot.class.path" value="C:\Program Files (x86)\Java\jdk1.8.0_341\jre\lib\resources.jar;C:\Program Files (x86)\Java\jdk1.8.0_341\jre\lib\rt.jar;C:\Program Files (x86)\Java\jdk1.8.0_341\jre\lib\jsse.jar;C:\Program Files (x86)\Java\jdk1.8.0_341\jre\lib\jce.jar;C:\Program Files (x86)\Java\jdk1.8.0_341\jre\lib\charsets.jar;C:\Program Files (x86)\Java\jdk1.8.0_341\jre\lib\jfr.jar;C:\Program Files (x86)\Java\jdk1.8.0_341\jre\classes"/>
    <property name="user.script" value=""/>
    <property name="sun.management.compiler" value="HotSpot Client Compiler"/>
    <property name="java.runtime.version" value="1.8.0_341-b10"/>
    <property name="user.name" value="kcaram"/>
    <property name="path.separator" value=";"/>
    <property name="os.version" value="10.0"/>
    <property name="java.endorsed.dirs" value="C:\Program Files (x86)\Java\jdk1.8.0_341\jre\lib\endorsed"/>
    <property name="java.runtime.name" value="Java(TM) SE Runtime Environment"/>
    <property name="file.encoding" value="Cp1252"/>
    <property name="java.vm.name" value="Java HotSpot(TM) Client VM"/>
    <property name="localRepository" value="C:\Users\keith.caram\.m2\repository"/>
    <property name="java.vendor.url.bug" value="http://bugreport.sun.com/bugreport/"/>
    <property name="java.io.tmpdir" value="C:\Users\KEITH~1.CAR\AppData\Local\Temp\"/>
    <property name="java.version" value="1.8.0_341"/>
    <property name="user.dir" value="C:\Users\keith.caram\IdeaProjects\adv-java_assignment2"/>
    <property name="os.arch" value="x86"/>
    <property name="java.vm.specification.name" value="Java Virtual Machine Specification"/>
    <property name="java.awt.printerjob" value="sun.awt.windows.WPrinterJob"/>
    <property name="sun.os.patch.level" value=""/>
    <property name="java.library.path" value="C:\Program Files (x86)\Java\jdk1.8.0_341\jre\bin;C:\WINDOWS\Sun\Java\bin;C:\WINDOWS\system32;C:\WINDOWS;C:\Users\keith.caram\bin;C:\Users\keith.caram\AppData\Local\Programs\Git\mingw64\bin;C:\Users\keith.caram\AppData\Local\Programs\Git\usr\local\bin;C:\Users\keith.caram\AppData\Local\Programs\Git\usr\bin;C:\Users\keith.caram\AppData\Local\Programs\Git\usr\bin;C:\Users\keith.caram\AppData\Local\Programs\Git\mingw64\bin;C:\Users\keith.caram\AppData\Local\Programs\Git\usr\bin;C:\Users\keith.caram\bin;C:\Program Files (x86)\Common Files\Oracle\Java\javapath;C:\WINDOWS\system32;C:\app\client\kcaram_admin\product\12.2.0\client_2\bin;C:\WINDOWS\System32\Wbem;C:\WINDOWS\System32\WindowsPowerShell\v1.0;C:\WINDOWS\System32\OpenSSH;C:\Program Files (x86)\InvGate\Insight Agent;C:\Program Files\apache-maven-3.8.6\bin;C:\Program Files (x86)\Java\jdk1.8.0_341\bin;C:\Users\keith.caram\AppData\Local\Programs\Python\Python39-32\Scripts;C:\Users\keith.caram\AppData\Local\Programs\Python\Python39-32;C:\Users\keith.caram\AppData\Local\Microsoft\WindowsApps;C:\Users\keith.caram\AppData\Local\Programs\Microsoft VS Code\bin;C:\Users\keith.caram\AppData\Local\Programs\Git\cmd;C:\Users\keith.caram\AppData\Local\GitHubDesktop\bin;C:\Users\keith.caram\AppData\Local\Programs\Git\usr\bin\vendor_perl;C:\Users\keith.caram\AppData\Local\Programs\Git\usr\bin\core_perl;."/>
    <property name="java.vm.info" value="mixed mode, sharing"/>
    <property name="java.vendor" value="Oracle Corporation"/>
    <property name="java.vm.version" value="25.341-b10"/>
    <property name="java.ext.dirs" value="C:\Program Files (x86)\Java\jdk1.8.0_341\jre\lib\ext;C:\WINDOWS\Sun\Java\lib\ext"/>
    <property name="sun.io.unicode.encoding" value="UnicodeLittle"/>
    <property name="java.class.version" value="52.0"/>
  </properties>
  <testcase name="createClassical" classname="KeithCaram.GuitarTest" time="0.01"/>
  <testcase name="createAcoustic" classname="KeithCaram.GuitarTest" time="0"/>
  <testcase name="createElectric" classname="KeithCaram.GuitarTest" time="0"/>
</testsuite>